[INFO] Scanning for projects...
[INFO] 
[INFO] -----------------------< com.example:WebBanHang >-----------------------
[INFO] Building WebBanHang 0.0.1-SNAPSHOT
[INFO]   from pom.xml
[INFO] --------------------------------[ jar ]---------------------------------
[INFO] 
[INFO] --- clean:3.5.0:clean (default-clean) @ WebBanHang ---
[INFO] Deleting C:\Users\TUAN\Downloads\WebBanHang\WebBanHang\target
[INFO] 
[INFO] --- resources:3.3.1:resources (default-resources) @ WebBanHang ---
[INFO] Copying 1 resource from src\main\resources to target\classes
[INFO] Copying 41 resources from src\main\resources to target\classes
[INFO] 
[INFO] --- compiler:3.14.1:compile (default-compile) @ WebBanHang ---
[INFO] Recompiling the module because of changed source code.
[INFO] Compiling 86 source files with javac [debug parameters release 21] to target\classes
[INFO] /C:/Users/TUAN/Downloads/WebBanHang/WebBanHang/src/main/java/com/example/WebBanHang/repository/BrandRepository.java: Some input files use unchecked or unsafe operations.
[INFO] /C:/Users/TUAN/Downloads/WebBanHang/WebBanHang/src/main/java/com/example/WebBanHang/repository/BrandRepository.java: Recompile with -Xlint:unchecked for details.
[INFO] ------------------------------------------------------------------------
[INFO] BUILD SUCCESS
[INFO] ------------------------------------------------------------------------
[INFO] Total time:  5.474 s
[INFO] Finished at: 2026-05-09T18:27:11+07:00
[INFO] ------------------------------------------------------------------------